[debug] [2024-11-11T05:06:38.205Z] ----------------------------------------------------------------------
[debug] [2024-11-11T05:06:38.207Z] Command:       /Users/draganaurosgrbic/.nvm/versions/node/v22.11.0/bin/node /Users/draganaurosgrbic/.nvm/versions/node/v22.11.0/bin/firebase init emulators
[debug] [2024-11-11T05:06:38.207Z] CLI Version:   13.24.2
[debug] [2024-11-11T05:06:38.207Z] Platform:      darwin
[debug] [2024-11-11T05:06:38.207Z] Node Version:  v22.11.0
[debug] [2024-11-11T05:06:38.207Z] Time:          Sun Nov 10 2024 23:06:38 GMT-0600 (Central Standard Time)
[debug] [2024-11-11T05:06:38.207Z] ----------------------------------------------------------------------
[debug] 
[debug] [2024-11-11T05:06:38.208Z] >>> [apiv2][query] GET https://firebase-public.firebaseio.com/cli.json [none]
[debug] [2024-11-11T05:06:38.227Z] > command requires scopes: ["email","openid","https://www.googleapis.com/auth/cloudplatformprojects.readonly","https://www.googleapis.com/auth/firebase","https://www.googleapis.com/auth/cloud-platform"]
[debug] [2024-11-11T05:06:38.345Z] <<< [apiv2][status] GET https://firebase-public.firebaseio.com/cli.json 200
[debug] [2024-11-11T05:06:38.346Z] <<< [apiv2][body] GET https://firebase-public.firebaseio.com/cli.json {"cloudBuildErrorAfter":1594252800000,"cloudBuildWarnAfter":1590019200000,"defaultNode10After":1594252800000,"minVersion":"3.0.5","node8DeploysDisabledAfter":1613390400000,"node8RuntimeDisabledAfter":1615809600000,"node8WarnAfter":1600128000000}
[info] 
     ######## #### ########  ######## ########     ###     ######  ########
     ##        ##  ##     ## ##       ##     ##  ##   ##  ##       ##
     ######    ##  ########  ######   ########  #########  ######  ######
     ##        ##  ##    ##  ##       ##     ## ##     ##       ## ##
     ##       #### ##     ## ######## ########  ##     ##  ######  ########

You're about to initialize a Firebase project in this directory:

  /Users/draganaurosgrbic/Desktop/comp539/frontend

[info] 
=== Project Setup
[info] 
[info] First, let's associate this project directory with a Firebase project.
[info] You can create multiple project aliases by running firebase use --add, 
[info] but for now we'll just set up a default project.
[info] 
[info] i  If you want to create a project in a Google Cloud organization or folder, please use "firebase projects:create" instead, and return to this command when you've created the project. 
[debug] [2024-11-11T05:07:14.175Z] No OAuth tokens found
[debug] [2024-11-11T05:07:14.176Z] >>> [apiv2][query] POST https://cloudresourcemanager.googleapis.com/v1/projects [none]
[debug] [2024-11-11T05:07:14.176Z] >>> [apiv2][body] POST https://cloudresourcemanager.googleapis.com/v1/projects {"projectId":"COMP539_TEST","name":"COMP539_TEST"}
[debug] [2024-11-11T05:07:14.370Z] <<< [apiv2][status] POST https://cloudresourcemanager.googleapis.com/v1/projects 400
[debug] [2024-11-11T05:07:14.370Z] <<< [apiv2][body] POST https://cloudresourcemanager.googleapis.com/v1/projects {"error":{"code":400,"message":"Request contains an invalid argument.","status":"INVALID_ARGUMENT","details":[{"@type":"type.googleapis.com/google.rpc.BadRequest","fieldViolations":[{"field":"project_id","description":"project_id contains invalid characters"},{"field":"display_name","description":"project display name contains invalid characters"}]},{"@type":"type.googleapis.com/google.rpc.Help","links":[{"url":"https://cloud.google.com/resource-manager/reference/rest/v1/projects"}]}]}}
[debug] [2024-11-11T05:07:14.373Z] FirebaseError: Request to https://cloudresourcemanager.googleapis.com/v1/projects had HTTP Error: 400, Request contains an invalid argument.
    at responseToError (/Users/draganaurosgrbic/.nvm/versions/node/v22.11.0/lib/node_modules/firebase-tools/lib/responseToError.js:52:12)
    at RetryOperation._fn (/Users/draganaurosgrbic/.nvm/versions/node/v22.11.0/lib/node_modules/firebase-tools/lib/apiv2.js:312:77)
    at process.processTicksAndRejections (node:internal/process/task_queues:105:5)
[error] 
[error] Error: Failed to create project. See firebase-debug.log for more info.
